This is pdfTeX, Version 3.141592653-2.6-1.40.22 (TeX Live 2022/dev/Debian) (preloaded format=pdflatex 2024.3.15)  15 OCT 2024 11:38
entering extended mode
 restricted \write18 enabled.
 %&-line parsing enabled.
**report.tex
(./report.tex
LaTeX2e <2021-11-15> patch level 1
L3 programming layer <2022-01-21>
(/usr/share/texlive/texmf-dist/tex/latex/base/article.cls
Document Class: article 2021/10/04 v1.4n Standard LaTeX document class
(/usr/share/texlive/texmf-dist/tex/latex/base/size11.clo
File: size11.clo 2021/10/04 v1.4n Standard LaTeX file (size option)
)
\c@part=\count185
\c@section=\count186
\c@subsection=\count187
\c@subsubsection=\count188
\c@paragraph=\count189
\c@subparagraph=\count190
\c@figure=\count191
\c@table=\count192
\abovecaptionskip=\skip47
\belowcaptionskip=\skip48
\bibindent=\dimen138
)
(/usr/share/texlive/texmf-dist/tex/latex/amsmath/amsmath.sty
Package: amsmath 2021/10/15 v2.17l AMS math features
\@mathmargin=\skip49

For additional information on amsmath, use the `?' option.
(/usr/share/texlive/texmf-dist/tex/latex/amsmath/amstext.sty
Package: amstext 2021/08/26 v2.01 AMS text

(/usr/share/texlive/texmf-dist/tex/latex/amsmath/amsgen.sty
File: amsgen.sty 1999/11/30 v2.0 generic functions
\@emptytoks=\toks16
\ex@=\dimen139
))
(/usr/share/texlive/texmf-dist/tex/latex/amsmath/amsbsy.sty
Package: amsbsy 1999/11/29 v1.2d Bold Symbols
\pmbraise@=\dimen140
)
(/usr/share/texlive/texmf-dist/tex/latex/amsmath/amsopn.sty
Package: amsopn 2021/08/26 v2.02 operator names
)
\inf@bad=\count193
LaTeX Info: Redefining \frac on input line 234.
\uproot@=\count194
\leftroot@=\count195
LaTeX Info: Redefining \overline on input line 399.
\classnum@=\count196
\DOTSCASE@=\count197
LaTeX Info: Redefining \ldots on input line 496.
LaTeX Info: Redefining \dots on input line 499.
LaTeX Info: Redefining \cdots on input line 620.
\Mathstrutbox@=\box50
\strutbox@=\box51
\big@size=\dimen141
LaTeX Font Info:    Redeclaring font encoding OML on input line 743.
LaTeX Font Info:    Redeclaring font encoding OMS on input line 744.
\macc@depth=\count198
\c@MaxMatrixCols=\count199
\dotsspace@=\muskip16
\c@parentequation=\count266
\dspbrk@lvl=\count267
\tag@help=\toks17
\row@=\count268
\column@=\count269
\maxfields@=\count270
\andhelp@=\toks18
\eqnshift@=\dimen142
\alignsep@=\dimen143
\tagshift@=\dimen144
\tagwidth@=\dimen145
\totwidth@=\dimen146
\lineht@=\dimen147
\@envbody=\toks19
\multlinegap=\skip50
\multlinetaggap=\skip51
\mathdisplay@stack=\toks20
LaTeX Info: Redefining \[ on input line 2938.
LaTeX Info: Redefining \] on input line 2939.
)
(/usr/share/texlive/texmf-dist/tex/latex/amsfonts/amssymb.sty
Package: amssymb 2013/01/14 v3.01 AMS font symbols

(/usr/share/texlive/texmf-dist/tex/latex/amsfonts/amsfonts.sty
Package: amsfonts 2013/01/14 v3.01 Basic AMSFonts support
\symAMSa=\mathgroup4
\symAMSb=\mathgroup5
LaTeX Font Info:    Redeclaring math symbol \hbar on input line 98.
LaTeX Font Info:    Overwriting math alphabet `\mathfrak' in version `bold'
(Font)                  U/euf/m/n --> U/euf/b/n on input line 106.
))
(/usr/share/texlive/texmf-dist/tex/latex/hyperref/hyperref.sty
Package: hyperref 2021-06-07 v7.00m Hypertext links for LaTeX

(/usr/share/texlive/texmf-dist/tex/generic/ltxcmds/ltxcmds.sty
Package: ltxcmds 2020-05-10 v1.25 LaTeX kernel commands for general use (HO)
)
(/usr/share/texlive/texmf-dist/tex/generic/iftex/iftex.sty
Package: iftex 2020/03/06 v1.0d TeX engine tests
)
(/usr/share/texlive/texmf-dist/tex/generic/pdftexcmds/pdftexcmds.sty
Package: pdftexcmds 2020-06-27 v0.33 Utility functions of pdfTeX for LuaTeX (HO
)

(/usr/share/texlive/texmf-dist/tex/generic/infwarerr/infwarerr.sty
Package: infwarerr 2019/12/03 v1.5 Providing info/warning/error messages (HO)
)
Package pdftexcmds Info: \pdf@primitive is available.
Package pdftexcmds Info: \pdf@ifprimitive is available.
Package pdftexcmds Info: \pdfdraftmode found.
)
(/usr/share/texlive/texmf-dist/tex/latex/graphics/keyval.sty
Package: keyval 2014/10/28 v1.15 key=value parser (DPC)
\KV@toks@=\toks21
)
(/usr/share/texlive/texmf-dist/tex/generic/kvsetkeys/kvsetkeys.sty
Package: kvsetkeys 2019/12/15 v1.18 Key value parser (HO)
)
(/usr/share/texlive/texmf-dist/tex/generic/kvdefinekeys/kvdefinekeys.sty
Package: kvdefinekeys 2019-12-19 v1.6 Define keys (HO)
)
(/usr/share/texlive/texmf-dist/tex/generic/pdfescape/pdfescape.sty
Package: pdfescape 2019/12/09 v1.15 Implements pdfTeX's escape features (HO)
)
(/usr/share/texlive/texmf-dist/tex/latex/hycolor/hycolor.sty
Package: hycolor 2020-01-27 v1.10 Color options for hyperref/bookmark (HO)
)
(/usr/share/texlive/texmf-dist/tex/latex/letltxmacro/letltxmacro.sty
Package: letltxmacro 2019/12/03 v1.6 Let assignment for LaTeX macros (HO)
)
(/usr/share/texlive/texmf-dist/tex/latex/auxhook/auxhook.sty
Package: auxhook 2019-12-17 v1.6 Hooks for auxiliary files (HO)
)
(/usr/share/texlive/texmf-dist/tex/latex/kvoptions/kvoptions.sty
Package: kvoptions 2020-10-07 v3.14 Key value format for package options (HO)
)
\@linkdim=\dimen148
\Hy@linkcounter=\count271
\Hy@pagecounter=\count272

(/usr/share/texlive/texmf-dist/tex/latex/hyperref/pd1enc.def
File: pd1enc.def 2021-06-07 v7.00m Hyperref: PDFDocEncoding definition (HO)
Now handling font encoding PD1 ...
... no UTF-8 mapping file for font encoding PD1
)
(/usr/share/texlive/texmf-dist/tex/latex/hyperref/hyperref-langpatches.def
File: hyperref-langpatches.def 2021-06-07 v7.00m Hyperref: patches for babel la
nguages
)
(/usr/share/texlive/texmf-dist/tex/generic/intcalc/intcalc.sty
Package: intcalc 2019/12/15 v1.3 Expandable calculations with integers (HO)
)
(/usr/share/texlive/texmf-dist/tex/generic/etexcmds/etexcmds.sty
Package: etexcmds 2019/12/15 v1.7 Avoid name clashes with e-TeX commands (HO)
)
\Hy@SavedSpaceFactor=\count273

(/usr/share/texlive/texmf-dist/tex/latex/hyperref/puenc.def
File: puenc.def 2021-06-07 v7.00m Hyperref: PDF Unicode definition (HO)
Now handling font encoding PU ...
... no UTF-8 mapping file for font encoding PU
)
Package hyperref Info: Hyper figures OFF on input line 4192.
Package hyperref Info: Link nesting OFF on input line 4197.
Package hyperref Info: Hyper index ON on input line 4200.
Package hyperref Info: Plain pages OFF on input line 4207.
Package hyperref Info: Backreferencing OFF on input line 4212.
Package hyperref Info: Implicit mode ON; LaTeX internals redefined.
Package hyperref Info: Bookmarks ON on input line 4445.
\c@Hy@tempcnt=\count274

(/usr/share/texlive/texmf-dist/tex/latex/url/url.sty
\Urlmuskip=\muskip17
Package: url 2013/09/16  ver 3.4  Verb mode for urls, etc.
)
LaTeX Info: Redefining \url on input line 4804.
\XeTeXLinkMargin=\dimen149

(/usr/share/texlive/texmf-dist/tex/generic/bitset/bitset.sty
Package: bitset 2019/12/09 v1.3 Handle bit-vector datatype (HO)

(/usr/share/texlive/texmf-dist/tex/generic/bigintcalc/bigintcalc.sty
Package: bigintcalc 2019/12/15 v1.5 Expandable calculations on big integers (HO
)
))
\Fld@menulength=\count275
\Field@Width=\dimen150
\Fld@charsize=\dimen151
Package hyperref Info: Hyper figures OFF on input line 6076.
Package hyperref Info: Link nesting OFF on input line 6081.
Package hyperref Info: Hyper index ON on input line 6084.
Package hyperref Info: backreferencing OFF on input line 6091.
Package hyperref Info: Link coloring OFF on input line 6096.
Package hyperref Info: Link coloring with OCG OFF on input line 6101.
Package hyperref Info: PDF/A mode OFF on input line 6106.
LaTeX Info: Redefining \ref on input line 6146.
LaTeX Info: Redefining \pageref on input line 6150.

(/usr/share/texlive/texmf-dist/tex/latex/base/atbegshi-ltx.sty
Package: atbegshi-ltx 2021/01/10 v1.0c Emulation of the original atbegshi
package with kernel methods
)
\Hy@abspage=\count276
\c@Item=\count277
\c@Hfootnote=\count278
)
Package hyperref Info: Driver (autodetected): hpdftex.

(/usr/share/texlive/texmf-dist/tex/latex/hyperref/hpdftex.def
File: hpdftex.def 2021-06-07 v7.00m Hyperref driver for pdfTeX

(/usr/share/texlive/texmf-dist/tex/latex/base/atveryend-ltx.sty
Package: atveryend-ltx 2020/08/19 v1.0a Emulation of the original atveryend pac
kage
with kernel methods
)
\Fld@listcount=\count279
\c@bookmark@seq@number=\count280

(/usr/share/texlive/texmf-dist/tex/latex/rerunfilecheck/rerunfilecheck.sty
Package: rerunfilecheck 2019/12/05 v1.9 Rerun checks for auxiliary files (HO)

(/usr/share/texlive/texmf-dist/tex/generic/uniquecounter/uniquecounter.sty
Package: uniquecounter 2019/12/15 v1.4 Provide unlimited unique counter (HO)
)
Package uniquecounter Info: New unique counter `rerunfilecheck' on input line 2
86.
)
\Hy@SectionHShift=\skip52
)
(/usr/share/texlive/texmf-dist/tex/latex/dirtytalk/dirtytalk.sty
Package: dirtytalk 2010/11/21 A package making "quoting" easier

(/usr/share/texlive/texmf-dist/tex/latex/base/ifthen.sty
Package: ifthen 2020/11/24 v1.1c Standard LaTeX ifthen package (DPC)
)
\c@dirtytalk@qdepth=\count281
)
(/usr/share/texlive/texmf-dist/tex/generic/epsf/epsf.sty
This is `epsf.tex' v2.7.4 <14 February 2011>
\epsffilein=\read2
\epsfframemargin=\dimen152
\epsfframethickness=\dimen153
\epsfrsize=\dimen154
\epsftmp=\dimen155
\epsftsize=\dimen156
\epsfxsize=\dimen157
\epsfysize=\dimen158
\pspoints=\dimen159
) (/usr/share/texlive/texmf-dist/tex/latex/graphics/epsfig.sty
Package: epsfig 2017/06/25 v1.7b (e)psfig emulation (SPQR)

(/usr/share/texlive/texmf-dist/tex/latex/graphics/graphicx.sty
Package: graphicx 2021/09/16 v1.2d Enhanced LaTeX Graphics (DPC,SPQR)

(/usr/share/texlive/texmf-dist/tex/latex/graphics/graphics.sty
Package: graphics 2021/03/04 v1.4d Standard LaTeX Graphics (DPC,SPQR)

(/usr/share/texlive/texmf-dist/tex/latex/graphics/trig.sty
Package: trig 2021/08/11 v1.11 sin cos tan (DPC)
)
(/usr/share/texlive/texmf-dist/tex/latex/graphics-cfg/graphics.cfg
File: graphics.cfg 2016/06/04 v1.11 sample graphics configuration
)
Package graphics Info: Driver file: pdftex.def on input line 107.

(/usr/share/texlive/texmf-dist/tex/latex/graphics-def/pdftex.def
File: pdftex.def 2020/10/05 v1.2a Graphics/color driver for pdftex
))
\Gin@req@height=\dimen160
\Gin@req@width=\dimen161
)
\epsfxsize=\dimen162
\epsfysize=\dimen163
)
(/usr/share/texlive/texmf-dist/tex/latex/a4wide/a4wide.sty
Package: a4wide 1994/08/30

(/usr/share/texlive/texmf-dist/tex/latex/ntgclass/a4.sty
Package: a4 2020/02/18 v1.2g A4 based page layout
))
(/usr/share/texlive/texmf-dist/tex/latex/wasysym/wasysym.sty
Package: wasysym 2020/01/19 v2.4 Wasy-2 symbol support package
\symwasy=\mathgroup6
LaTeX Font Info:    Overwriting symbol font `wasy' in version `bold'
(Font)                  U/wasy/m/n --> U/wasy/b/n on input line 93.
)
(/usr/share/texlive/texmf-dist/tex/plain/amsfonts/amssym.def
\msafam=\mathgroup7
\msbfam=\mathgroup8
\eufmfam=\mathgroup9
)
(/usr/share/texlive/texmf-dist/tex/plain/amsfonts/amssym.tex)
(/usr/share/texlive/texmf-dist/tex/latex/l3backend/l3backend-pdftex.def
File: l3backend-pdftex.def 2022-01-12 L3 backend support: PDF output (pdfTeX)
\l__color_backend_stack_int=\count282
\l__pdf_internal_box=\box52
)
(report/report.aux)
\openout1 = `report.aux'.

LaTeX Font Info:    Checking defaults for OML/cmm/m/it on input line 33.
LaTeX Font Info:    ... okay on input line 33.
LaTeX Font Info:    Checking defaults for OMS/cmsy/m/n on input line 33.
LaTeX Font Info:    ... okay on input line 33.
LaTeX Font Info:    Checking defaults for OT1/cmr/m/n on input line 33.
LaTeX Font Info:    ... okay on input line 33.
LaTeX Font Info:    Checking defaults for T1/cmr/m/n on input line 33.
LaTeX Font Info:    ... okay on input line 33.
LaTeX Font Info:    Checking defaults for TS1/cmr/m/n on input line 33.
LaTeX Font Info:    ... okay on input line 33.
LaTeX Font Info:    Checking defaults for OMX/cmex/m/n on input line 33.
LaTeX Font Info:    ... okay on input line 33.
LaTeX Font Info:    Checking defaults for U/cmr/m/n on input line 33.
LaTeX Font Info:    ... okay on input line 33.
LaTeX Font Info:    Checking defaults for PD1/pdf/m/n on input line 33.
LaTeX Font Info:    ... okay on input line 33.
LaTeX Font Info:    Checking defaults for PU/pdf/m/n on input line 33.
LaTeX Font Info:    ... okay on input line 33.
Package hyperref Info: Link coloring OFF on input line 33.

(/usr/share/texlive/texmf-dist/tex/latex/hyperref/nameref.sty
Package: nameref 2021-04-02 v2.47 Cross-referencing by name of section

(/usr/share/texlive/texmf-dist/tex/latex/refcount/refcount.sty
Package: refcount 2019/12/15 v3.6 Data extraction from label references (HO)
)
(/usr/share/texlive/texmf-dist/tex/generic/gettitlestring/gettitlestring.sty
Package: gettitlestring 2019/12/15 v1.6 Cleanup title references (HO)
)
\c@section@level=\count283
)
LaTeX Info: Redefining \ref on input line 33.
LaTeX Info: Redefining \pageref on input line 33.
LaTeX Info: Redefining \nameref on input line 33.

(report/report.out) (report/report.out)
\@outlinefile=\write3
\openout3 = `report.out'.


(/usr/share/texlive/texmf-dist/tex/context/base/mkii/supp-pdf.mkii
[Loading MPS to PDF converter (version 2006.09.02).]
\scratchcounter=\count284
\scratchdimen=\dimen164
\scratchbox=\box53
\nofMPsegments=\count285
\nofMParguments=\count286
\everyMPshowfont=\toks22
\MPscratchCnt=\count287
\MPscratchDim=\dimen165
\MPnumerator=\count288
\makeMPintoPDFobject=\count289
\everyMPtoPDFconversion=\toks23
) (/usr/share/texlive/texmf-dist/tex/latex/epstopdf-pkg/epstopdf-base.sty
Package: epstopdf-base 2020-01-24 v2.11 Base part for package epstopdf
Package epstopdf-base Info: Redefining graphics rule for `.eps' on input line 4
85.

(/usr/share/texlive/texmf-dist/tex/latex/latexconfig/epstopdf-sys.cfg
File: epstopdf-sys.cfg 2010/07/13 v1.3 Configuration of (r)epstopdf for TeX Liv
e
))
<report/images/CSIRO.png, id=52, 2055.68pt x 2055.68pt>
File: report/images/CSIRO.png Graphic file (type png)
<use report/images/CSIRO.png>
Package pdftex.def Info: report/images/CSIRO.png  used on input line 37.
(pdftex.def)             Requested size: 113.79987pt x 113.79987pt.
<report/images/UWag.png, id=54, 234.8775pt x 130.4875pt>
File: report/images/UWag.png Graphic file (type png)
<use report/images/UWag.png>
Package pdftex.def Info: report/images/UWag.png  used on input line 37.
(pdftex.def)             Requested size: 170.71727pt x 113.81189pt.
LaTeX Font Info:    Trying to load font information for U+msa on input line 47.


(/usr/share/texlive/texmf-dist/tex/latex/amsfonts/umsa.fd
File: umsa.fd 2013/01/14 v3.01 AMS symbols A
)
LaTeX Font Info:    Trying to load font information for U+msb on input line 47.


(/usr/share/texlive/texmf-dist/tex/latex/amsfonts/umsb.fd
File: umsb.fd 2013/01/14 v3.01 AMS symbols B
)
LaTeX Font Info:    Trying to load font information for U+wasy on input line 47
.

(/usr/share/texlive/texmf-dist/tex/latex/wasysym/uwasy.fd
File: uwasy.fd 2020/01/19 v2.4 Wasy-2 symbol font definitions
) [1

{/var/lib/texmf/fonts/map/pdftex/updmap/pdftex.map} <./report/images/CSIRO.png>
 <./report/images/UWag.png>]

LaTeX Font Warning: Font shape `U/wasy/b/n' in size <8> not available
(Font)              Font shape `U/wasy/m/n' tried instead on input line 73.


LaTeX Font Warning: Font shape `U/wasy/b/n' in size <6> not available
(Font)              Font shape `U/wasy/m/n' tried instead on input line 73.

[2] [3]
Overfull \hbox (22.17444pt too wide) in paragraph at lines 92--93
[]\OT1/cmr/m/n/10.95 Sexually-structured pop-u-la-tion dy-nam-ics driven by gro
wth and selectivity-at-age (selectivity-
 []

[4] [5] [6] [7]
<report/run5/cpue.png, id=139, 578.16pt x 433.62pt>
File: report/run5/cpue.png Graphic file (type png)
<use report/run5/cpue.png>
Package pdftex.def Info: report/run5/cpue.png  used on input line 190.
(pdftex.def)             Requested size: 199.16547pt x 199.16988pt.
<report/run5a/cpue.png, id=140, 578.16pt x 433.62pt>
File: report/run5a/cpue.png Graphic file (type png)
<use report/run5a/cpue.png>
Package pdftex.def Info: report/run5a/cpue.png  used on input line 191.
(pdftex.def)             Requested size: 199.16547pt x 199.16988pt.
<report/figures/case4_lffits.pdf, id=141, 505.89pt x 505.89pt>
File: report/figures/case4_lffits.pdf Graphic file (type pdf)
<use report/figures/case4_lffits.pdf>
Package pdftex.def Info: report/figures/case4_lffits.pdf  used on input line 20
3.
(pdftex.def)             Requested size: 199.17207pt x 199.17207pt.
<report/figures/case4a_lffits.pdf, id=142, 505.89pt x 505.89pt>
File: report/figures/case4a_lffits.pdf Graphic file (type pdf)
<use report/figures/case4a_lffits.pdf>
Package pdftex.def Info: report/figures/case4a_lffits.pdf  used on input line 2
03.
(pdftex.def)             Requested size: 199.17207pt x 199.17207pt.
<report/figures/case4_lengthsel.pdf, id=143, 505.89pt x 505.89pt>
File: report/figures/case4_lengthsel.pdf Graphic file (type pdf)
<use report/figures/case4_lengthsel.pdf>
Package pdftex.def Info: report/figures/case4_lengthsel.pdf  used on input line
 211.
(pdftex.def)             Requested size: 199.17207pt x 199.17207pt.
<report/figures/case4a_lengthsel.pdf, id=144, 505.89pt x 505.89pt>
File: report/figures/case4a_lengthsel.pdf Graphic file (type pdf)
<use report/figures/case4a_lengthsel.pdf>
Package pdftex.def Info: report/figures/case4a_lengthsel.pdf  used on input lin
e 211.
(pdftex.def)             Requested size: 199.17207pt x 199.17207pt.


Package hyperref Warning: Token not allowed in a PDF string (Unicode):
(hyperref)                removing `math shift' on input line 217.


Package hyperref Warning: Token not allowed in a PDF string (Unicode):
(hyperref)                removing `\sigma' on input line 217.


Package hyperref Warning: Token not allowed in a PDF string (Unicode):
(hyperref)                removing `superscript' on input line 217.


Package hyperref Warning: Token not allowed in a PDF string (Unicode):
(hyperref)                removing `subscript' on input line 217.


Package hyperref Warning: Token not allowed in a PDF string (Unicode):
(hyperref)                removing `math shift' on input line 217.

[8 <./report/run5/cpue.png (PNG copy)> <./report/run5a/cpue.png (PNG copy)>]
<report/figures/pvsp_sigmar_R2.pdf, id=151, 505.89pt x 505.89pt>
File: report/figures/pvsp_sigmar_R2.pdf Graphic file (type pdf)
<use report/figures/pvsp_sigmar_R2.pdf>
Package pdftex.def Info: report/figures/pvsp_sigmar_R2.pdf  used on input line 
223.
(pdftex.def)             Requested size: 199.17207pt x 199.17207pt.
<report/figures/pvsp_sigmar_R2a.pdf, id=152, 505.89pt x 505.89pt>
File: report/figures/pvsp_sigmar_R2a.pdf Graphic file (type pdf)
<use report/figures/pvsp_sigmar_R2a.pdf>
Package pdftex.def Info: report/figures/pvsp_sigmar_R2a.pdf  used on input line
 223.
(pdftex.def)             Requested size: 199.17207pt x 199.17207pt.

[9] [10 <./report/figures/case4_lffits.pdf> <./report/figures/case4a_lffits.pdf
>] [11 <./report/figures/case4_lengthsel.pdf> <./report/figures/case4a_lengthse
l.pdf> <./report/figures/pvsp_sigmar_R2.pdf> <./report/figures/pvsp_sigmar_R2a.
pdf>] [12

] [13

]
Underfull \hbox (badness 6477) in paragraph at lines 254--255
[]\OT1/cmr/m/n/10.95 Sunnaker, M., Busetto, A., Num-mi-nen, E., Coran-der, J., 
Foll, M., \OT1/cmr/m/it/10.95 et
 []

[14

] [15

] [16] [17] [18

]
<report/run4/timeseries.png, id=265, 578.16pt x 433.62pt>
File: report/run4/timeseries.png Graphic file (type png)
<use report/run4/timeseries.png>
Package pdftex.def Info: report/run4/timeseries.png  used on input line 384.
(pdftex.def)             Requested size: 398.38567pt x 298.7879pt.
<report/run4/cpue.png, id=266, 578.16pt x 433.62pt>
File: report/run4/cpue.png Graphic file (type png)
<use report/run4/cpue.png>
Package pdftex.def Info: report/run4/cpue.png  used on input line 385.
(pdftex.def)             Requested size: 199.19283pt x 149.39395pt.
<report/run4/mase.png, id=267, 578.16pt x 433.62pt>
File: report/run4/mase.png Graphic file (type png)
<use report/run4/mase.png>
Package pdftex.def Info: report/run4/mase.png  used on input line 386.
(pdftex.def)             Requested size: 199.19283pt x 149.39395pt.
<report/run4/lf.png, id=268, 578.16pt x 433.62pt>
File: report/run4/lf.png Graphic file (type png)
<use report/run4/lf.png>
Package pdftex.def Info: report/run4/lf.png  used on input line 387.
(pdftex.def)             Requested size: 199.19283pt x 149.39395pt.
<report/run4/sel.png, id=269, 578.16pt x 433.62pt>
File: report/run4/sel.png Graphic file (type png)
<use report/run4/sel.png>
Package pdftex.def Info: report/run4/sel.png  used on input line 388.
(pdftex.def)             Requested size: 199.19283pt x 149.39395pt.
<report/run4a/timeseries.png, id=270, 578.16pt x 433.62pt>
File: report/run4a/timeseries.png Graphic file (type png)
<use report/run4a/timeseries.png>
Package pdftex.def Info: report/run4a/timeseries.png  used on input line 393.
(pdftex.def)             Requested size: 398.38567pt x 298.7879pt.
<report/run4a/cpue.png, id=271, 578.16pt x 433.62pt>
File: report/run4a/cpue.png Graphic file (type png)
<use report/run4a/cpue.png>
Package pdftex.def Info: report/run4a/cpue.png  used on input line 394.
(pdftex.def)             Requested size: 199.19283pt x 149.39395pt.
<report/run4a/mase.png, id=272, 578.16pt x 433.62pt>
File: report/run4a/mase.png Graphic file (type png)
<use report/run4a/mase.png>
Package pdftex.def Info: report/run4a/mase.png  used on input line 395.
(pdftex.def)             Requested size: 199.19283pt x 149.39395pt.
<report/run4a/lf.png, id=273, 578.16pt x 433.62pt>
File: report/run4a/lf.png Graphic file (type png)
<use report/run4a/lf.png>
Package pdftex.def Info: report/run4a/lf.png  used on input line 396.
(pdftex.def)             Requested size: 199.19283pt x 149.39395pt.
<report/run4a/sel.png, id=274, 578.16pt x 433.62pt>
File: report/run4a/sel.png Graphic file (type png)
<use report/run4a/sel.png>
Package pdftex.def Info: report/run4a/sel.png  used on input line 397.
(pdftex.def)             Requested size: 199.19283pt x 149.39395pt.
 [19 <./report/run4/timeseries.png (PNG copy)> <./report/run4/cpue.png (PNG cop
y)> <./report/run4/mase.png (PNG copy)> <./report/run4/lf.png (PNG copy)> <./re
port/run4/sel.png (PNG copy)>]
<report/run4b/timeseries.png, id=281, 578.16pt x 433.62pt>
File: report/run4b/timeseries.png Graphic file (type png)
<use report/run4b/timeseries.png>
Package pdftex.def Info: report/run4b/timeseries.png  used on input line 402.
(pdftex.def)             Requested size: 398.38567pt x 298.7879pt.
<report/run4b/cpue.png, id=282, 578.16pt x 433.62pt>
File: report/run4b/cpue.png Graphic file (type png)
<use report/run4b/cpue.png>
Package pdftex.def Info: report/run4b/cpue.png  used on input line 403.
(pdftex.def)             Requested size: 199.19283pt x 149.39395pt.
<report/run4b/mase.png, id=283, 578.16pt x 433.62pt>
File: report/run4b/mase.png Graphic file (type png)
<use report/run4b/mase.png>
Package pdftex.def Info: report/run4b/mase.png  used on input line 404.
(pdftex.def)             Requested size: 199.19283pt x 149.39395pt.
<report/run4b/lf.png, id=284, 578.16pt x 433.62pt>
File: report/run4b/lf.png Graphic file (type png)
<use report/run4b/lf.png>
Package pdftex.def Info: report/run4b/lf.png  used on input line 405.
(pdftex.def)             Requested size: 199.19283pt x 149.39395pt.
<report/run4b/sel.png, id=285, 578.16pt x 433.62pt>
File: report/run4b/sel.png Graphic file (type png)
<use report/run4b/sel.png>
Package pdftex.def Info: report/run4b/sel.png  used on input line 406.
(pdftex.def)             Requested size: 199.19283pt x 149.39395pt.
 [20 <./report/run4a/timeseries.png (PNG copy)> <./report/run4a/cpue.png (PNG c
opy)> <./report/run4a/mase.png (PNG copy)> <./report/run4a/lf.png (PNG copy)> <
./report/run4a/sel.png (PNG copy)>]
<report/run5/timeseries.png, id=292, 578.16pt x 433.62pt>
File: report/run5/timeseries.png Graphic file (type png)
<use report/run5/timeseries.png>
Package pdftex.def Info: report/run5/timeseries.png  used on input line 411.
(pdftex.def)             Requested size: 398.38567pt x 298.7879pt.
File: report/run5/cpue.png Graphic file (type png)
<use report/run5/cpue.png>
Package pdftex.def Info: report/run5/cpue.png  used on input line 412.
(pdftex.def)             Requested size: 199.19283pt x 149.39395pt.
<report/run5/mase.png, id=293, 578.16pt x 433.62pt>
File: report/run5/mase.png Graphic file (type png)
<use report/run5/mase.png>
Package pdftex.def Info: report/run5/mase.png  used on input line 413.
(pdftex.def)             Requested size: 199.19283pt x 149.39395pt.
<report/run5/lf.png, id=294, 578.16pt x 433.62pt>
File: report/run5/lf.png Graphic file (type png)
<use report/run5/lf.png>
Package pdftex.def Info: report/run5/lf.png  used on input line 414.
(pdftex.def)             Requested size: 199.19283pt x 149.39395pt.
<report/run5/sel.png, id=295, 578.16pt x 433.62pt>
File: report/run5/sel.png Graphic file (type png)
<use report/run5/sel.png>
Package pdftex.def Info: report/run5/sel.png  used on input line 415.
(pdftex.def)             Requested size: 199.19283pt x 149.39395pt.
 [21 <./report/run4b/timeseries.png (PNG copy)> <./report/run4b/cpue.png (PNG c
opy)> <./report/run4b/mase.png (PNG copy)> <./report/run4b/lf.png (PNG copy)> <
./report/run4b/sel.png (PNG copy)>]
<report/run5a/timeseries.png, id=301, 578.16pt x 433.62pt>
File: report/run5a/timeseries.png Graphic file (type png)
<use report/run5a/timeseries.png>
Package pdftex.def Info: report/run5a/timeseries.png  used on input line 420.
(pdftex.def)             Requested size: 398.38567pt x 298.7879pt.
File: report/run5a/cpue.png Graphic file (type png)
<use report/run5a/cpue.png>
Package pdftex.def Info: report/run5a/cpue.png  used on input line 421.
(pdftex.def)             Requested size: 199.19283pt x 149.39395pt.
<report/run5a/mase.png, id=302, 578.16pt x 433.62pt>
File: report/run5a/mase.png Graphic file (type png)
<use report/run5a/mase.png>
Package pdftex.def Info: report/run5a/mase.png  used on input line 422.
(pdftex.def)             Requested size: 199.19283pt x 149.39395pt.
<report/run5a/lf.png, id=303, 578.16pt x 433.62pt>
File: report/run5a/lf.png Graphic file (type png)
<use report/run5a/lf.png>
Package pdftex.def Info: report/run5a/lf.png  used on input line 423.
(pdftex.def)             Requested size: 199.19283pt x 149.39395pt.
<report/run5a/sel.png, id=304, 578.16pt x 433.62pt>
File: report/run5a/sel.png Graphic file (type png)
<use report/run5a/sel.png>
Package pdftex.def Info: report/run5a/sel.png  used on input line 424.
(pdftex.def)             Requested size: 199.19283pt x 149.39395pt.
 [22 <./report/run5/timeseries.png (PNG copy)> <./report/run5/mase.png (PNG cop
y)> <./report/run5/lf.png (PNG copy)> <./report/run5/sel.png (PNG copy)>]
<report/run5b/timeseries.png, id=310, 578.16pt x 433.62pt>
File: report/run5b/timeseries.png Graphic file (type png)
<use report/run5b/timeseries.png>
Package pdftex.def Info: report/run5b/timeseries.png  used on input line 429.
(pdftex.def)             Requested size: 398.38567pt x 298.7879pt.
<report/run5b/cpue.png, id=311, 578.16pt x 433.62pt>
File: report/run5b/cpue.png Graphic file (type png)
<use report/run5b/cpue.png>
Package pdftex.def Info: report/run5b/cpue.png  used on input line 430.
(pdftex.def)             Requested size: 199.19283pt x 149.39395pt.
<report/run5b/mase.png, id=312, 578.16pt x 433.62pt>
File: report/run5b/mase.png Graphic file (type png)
<use report/run5b/mase.png>
Package pdftex.def Info: report/run5b/mase.png  used on input line 431.
(pdftex.def)             Requested size: 199.19283pt x 149.39395pt.
<report/run5b/lf.png, id=313, 578.16pt x 433.62pt>
File: report/run5b/lf.png Graphic file (type png)
<use report/run5b/lf.png>
Package pdftex.def Info: report/run5b/lf.png  used on input line 432.
(pdftex.def)             Requested size: 199.19283pt x 149.39395pt.
<report/run5b/sel.png, id=314, 578.16pt x 433.62pt>
File: report/run5b/sel.png Graphic file (type png)
<use report/run5b/sel.png>
Package pdftex.def Info: report/run5b/sel.png  used on input line 433.
(pdftex.def)             Requested size: 199.19283pt x 149.39395pt.
 [23 <./report/run5a/timeseries.png (PNG copy)> <./report/run5a/mase.png (PNG c
opy)> <./report/run5a/lf.png (PNG copy)> <./report/run5a/sel.png (PNG copy)>]
<report/run6/timeseries.png, id=320, 578.16pt x 433.62pt>
File: report/run6/timeseries.png Graphic file (type png)
<use report/run6/timeseries.png>
Package pdftex.def Info: report/run6/timeseries.png  used on input line 438.
(pdftex.def)             Requested size: 398.38567pt x 298.7879pt.
<report/run6/cpue.png, id=321, 578.16pt x 433.62pt>
File: report/run6/cpue.png Graphic file (type png)
<use report/run6/cpue.png>
Package pdftex.def Info: report/run6/cpue.png  used on input line 439.
(pdftex.def)             Requested size: 199.19283pt x 149.39395pt.
<report/run6/mase.png, id=322, 578.16pt x 433.62pt>
File: report/run6/mase.png Graphic file (type png)
<use report/run6/mase.png>
Package pdftex.def Info: report/run6/mase.png  used on input line 440.
(pdftex.def)             Requested size: 199.19283pt x 149.39395pt.
<report/run6/lf.png, id=323, 578.16pt x 433.62pt>
File: report/run6/lf.png Graphic file (type png)
<use report/run6/lf.png>
Package pdftex.def Info: report/run6/lf.png  used on input line 441.
(pdftex.def)             Requested size: 199.19283pt x 149.39395pt.
<report/run6/sel.png, id=324, 578.16pt x 433.62pt>
File: report/run6/sel.png Graphic file (type png)
<use report/run6/sel.png>
Package pdftex.def Info: report/run6/sel.png  used on input line 442.
(pdftex.def)             Requested size: 199.19283pt x 149.39395pt.
 [24 <./report/run5b/timeseries.png (PNG copy)> <./report/run5b/cpue.png (PNG c
opy)> <./report/run5b/mase.png (PNG copy)> <./report/run5b/lf.png (PNG copy)> <
./report/run5b/sel.png (PNG copy)>]
<report/run6a/timeseries.png, id=330, 578.16pt x 433.62pt>
File: report/run6a/timeseries.png Graphic file (type png)
<use report/run6a/timeseries.png>
Package pdftex.def Info: report/run6a/timeseries.png  used on input line 447.
(pdftex.def)             Requested size: 398.38567pt x 298.7879pt.
<report/run6a/cpue.png, id=331, 578.16pt x 433.62pt>
File: report/run6a/cpue.png Graphic file (type png)
<use report/run6a/cpue.png>
Package pdftex.def Info: report/run6a/cpue.png  used on input line 448.
(pdftex.def)             Requested size: 199.19283pt x 149.39395pt.
<report/run6a/mase.png, id=332, 578.16pt x 433.62pt>
File: report/run6a/mase.png Graphic file (type png)
<use report/run6a/mase.png>
Package pdftex.def Info: report/run6a/mase.png  used on input line 449.
(pdftex.def)             Requested size: 199.19283pt x 149.39395pt.
<report/run6a/lf.png, id=333, 578.16pt x 433.62pt>
File: report/run6a/lf.png Graphic file (type png)
<use report/run6a/lf.png>
Package pdftex.def Info: report/run6a/lf.png  used on input line 450.
(pdftex.def)             Requested size: 199.19283pt x 149.39395pt.
<report/run6a/sel.png, id=334, 578.16pt x 433.62pt>
File: report/run6a/sel.png Graphic file (type png)
<use report/run6a/sel.png>
Package pdftex.def Info: report/run6a/sel.png  used on input line 451.
(pdftex.def)             Requested size: 199.19283pt x 149.39395pt.

[25 <./report/run6/timeseries.png (PNG copy)> <./report/run6/cpue.png (PNG copy
)> <./report/run6/mase.png (PNG copy)> <./report/run6/lf.png (PNG copy)> <./rep
ort/run6/sel.png (PNG copy)>] [26 <./report/run6a/timeseries.png (PNG copy)> <.
/report/run6a/cpue.png (PNG copy)> <./report/run6a/mase.png (PNG copy)> <./repo
rt/run6a/lf.png (PNG copy)> <./report/run6a/sel.png (PNG copy)>]
(report/report.aux)
Package rerunfilecheck Info: File `report.out' has not changed.
(rerunfilecheck)             Checksum: F3AA7CFD7A2795307204FC39FB41E8A7;1678.
 ) 
Here is how much of TeX's memory you used:
 10322 strings out of 479647
 161854 string characters out of 5878802
 439259 words of memory out of 5000000
 28025 multiletter control sequences out of 15000+600000
 483038 words of font info for 81 fonts, out of 8000000 for 9000
 350 hyphenation exceptions out of 8191
 70i,11n,76p,2891b,410s stack positions out of 5000i,500n,10000p,200000b,80000s
 </home/mosqu003/.texlive2021/texmf-var/fonts/pk/ljfour/jknappen/ec/tcrm1095.
600pk></usr/share/texlive/texmf-dist/fonts/type1/public/amsfonts/cm/cmbx10.pfb>
</usr/share/texlive/texmf-dist/fonts/type1/public/amsfonts/cm/cmbx12.pfb></usr/
share/texlive/texmf-dist/fonts/type1/public/amsfonts/cm/cmex10.pfb></usr/share/
texlive/texmf-dist/fonts/type1/public/amsfonts/cm/cmmi10.pfb></usr/share/texliv
e/texmf-dist/fonts/type1/public/amsfonts/cm/cmmi12.pfb></usr/share/texlive/texm
f-dist/fonts/type1/public/amsfonts/cm/cmmi6.pfb></usr/share/texlive/texmf-dist/
fonts/type1/public/amsfonts/cm/cmmi8.pfb></usr/share/texlive/texmf-dist/fonts/t
ype1/public/amsfonts/cm/cmmib10.pfb></usr/share/texlive/texmf-dist/fonts/type1/
public/amsfonts/cm/cmr10.pfb></usr/share/texlive/texmf-dist/fonts/type1/public/
amsfonts/cm/cmr6.pfb></usr/share/texlive/texmf-dist/fonts/type1/public/amsfonts
/cm/cmr8.pfb></usr/share/texlive/texmf-dist/fonts/type1/public/amsfonts/cm/cmsy
10.pfb></usr/share/texlive/texmf-dist/fonts/type1/public/amsfonts/cm/cmsy8.pfb>
</usr/share/texlive/texmf-dist/fonts/type1/public/amsfonts/cm/cmti10.pfb></usr/
share/texlive/texmf-dist/fonts/type1/public/amsfonts/cm/cmtt10.pfb></usr/share/
texlive/texmf-dist/fonts/type1/public/amsfonts/symbols/msbm10.pfb>
Output written on report/report.pdf (26 pages, 4551801 bytes).
PDF statistics:
 440 PDF objects out of 1000 (max. 8388607)
 319 compressed objects within 4 object streams
 93 named destinations out of 1000 (max. 500000)
 337 words of extra memory for PDF output out of 10000 (max. 10000000)

